<?xml version="1.0" encoding="UTF-8"?>
<!-- Generated by org.testng.reporters.JUnitXMLReporter -->
<testsuite hostname="DESKTOP-G4JM6EP" ignored="0" name="LinkedinTest" tests="4" failures="0" timestamp="2021-05-12T15:33:09 CDT" time="0.833" errors="0">
  <testcase name="@BeforeSuite setUp" time="4.542" classname="com.qa.linkedin.base.TestBase">
    <failure type="org.openqa.selenium.WebDriverException" message="unknown error: net::ERR_CONNECTION_RESET
  (Session info: MicrosoftEdge=90.0.818.56)
Build info: version: &amp;apos;3.141.59&amp;apos;, revision: &amp;apos;e82be7d358&amp;apos;, time: &amp;apos;2018-11-14T08:17:03&amp;apos;
System info: host: &amp;apos;DESKTOP-G4JM6EP&amp;apos;, ip: &amp;apos;192.168.1.234&amp;apos;, os.name: &amp;apos;Windows 10&amp;apos;, os.arch: &amp;apos;amd64&amp;apos;, os.version: &amp;apos;10.0&amp;apos;, java.version: &amp;apos;1.8.0_281&amp;apos;
Driver info: org.openqa.selenium.edge.EdgeDriver
Capabilities {acceptInsecureCerts: false, browserName: msedge, browserVersion: 90.0.818.56, javascriptEnabled: true, ms:edgeOptions: {debuggerAddress: localhost:62614}, msedge: {msedgedriverVersion: 90.0.818.56 (96b87284fc445b..., userDataDir: C:\Users\laksh\AppData\Loca...}, networkConnectionEnabled: false, pageLoadStrategy: normal, platform: WINDOWS, platformName: WINDOWS, proxy: Proxy(), setWindowRect: true, strictFileInteractability: false, timeouts: {implicit: 0, pageLoad: 300000, script: 30000}, unhandledPromptBehavior: dismiss and notify, webauthn:extension:largeBlob: true, webauthn:virtualAuthenticators: true}
Session ID: 13681f4e9e5bd288e944d215e542d8d4">
      <![CDATA[org.openqa.selenium.WebDriverException: unknown error: net::ERR_CONNECTION_RESET
  (Session info: MicrosoftEdge=90.0.818.56)
Build info: version: '3.141.59', revision: 'e82be7d358', time: '2018-11-14T08:17:03'
System info: host: 'DESKTOP-G4JM6EP', ip: '192.168.1.234', os.name: 'Windows 10', os.arch: 'amd64', os.version: '10.0', java.version: '1.8.0_281'
Driver info: org.openqa.selenium.edge.EdgeDriver
Capabilities {acceptInsecureCerts: false, browserName: msedge, browserVersion: 90.0.818.56, javascriptEnabled: true, ms:edgeOptions: {debuggerAddress: localhost:62614}, msedge: {msedgedriverVersion: 90.0.818.56 (96b87284fc445b..., userDataDir: C:\Users\laksh\AppData\Loca...}, networkConnectionEnabled: false, pageLoadStrategy: normal, platform: WINDOWS, platformName: WINDOWS, proxy: Proxy(), setWindowRect: true, strictFileInteractability: false, timeouts: {implicit: 0, pageLoad: 300000, script: 30000}, unhandledPromptBehavior: dismiss and notify, webauthn:extension:largeBlob: true, webauthn:virtualAuthenticators: true}
Session ID: 13681f4e9e5bd288e944d215e542d8d4
at org.openqa.selenium.remote.http.W3CHttpResponseCodec.createException(W3CHttpResponseCodec.java:187)
at org.openqa.selenium.remote.http.W3CHttpResponseCodec.decode(W3CHttpResponseCodec.java:122)
at org.openqa.selenium.remote.http.W3CHttpResponseCodec.decode(W3CHttpResponseCodec.java:49)
at org.openqa.selenium.remote.HttpCommandExecutor.execute(HttpCommandExecutor.java:158)
at org.openqa.selenium.remote.service.DriverCommandExecutor.execute(DriverCommandExecutor.java:83)
at org.openqa.selenium.remote.RemoteWebDriver.execute(RemoteWebDriver.java:552)
at org.openqa.selenium.remote.RemoteWebDriver.get(RemoteWebDriver.java:277)
at com.qa.linkedin.base.TestBase.setUp(TestBase.java:79)
... Removed 26 stack frames]]>
    </failure>
  </testcase> <!-- @BeforeSuite setUp -->
  <testcase name="@BeforeClass beforeClass" time="-1.620851588267E9" classname="com.qa.linkedin.test.SearchDataDrivenTest">
    <skipped/>
  </testcase> <!-- @BeforeClass beforeClass -->
  <testcase name="@AfterClass afterClass" time="-1.620851589083E9" classname="com.qa.linkedin.test.SearchDataDrivenTest">
    <skipped/>
  </testcase> <!-- @AfterClass afterClass -->
  <testcase name="searchDataDrivenTest" time="0.0" classname="com.qa.linkedin.test.SearchDataDrivenTest">
    <skipped/>
  </testcase> <!-- searchDataDrivenTest -->
  <testcase name="searchDataDrivenTest" time="0.0" classname="com.qa.linkedin.test.SearchDataDrivenTest">
    <skipped/>
  </testcase> <!-- searchDataDrivenTest -->
  <testcase name="searchDataDrivenTest" time="0.0" classname="com.qa.linkedin.test.SearchDataDrivenTest">
    <skipped/>
  </testcase> <!-- searchDataDrivenTest -->
  <testcase name="searchDataDrivenTest" time="0.0" classname="com.qa.linkedin.test.SearchDataDrivenTest">
    <skipped/>
  </testcase> <!-- searchDataDrivenTest -->
</testsuite> <!-- LinkedinTest -->
