<?xml version="1.0" encoding="UTF-8"?>
<!-- Generated by org.testng.reporters.JUnitXMLReporter -->
<testsuite hostname="DESKTOP-G4JM6EP" ignored="0" name="Default test" tests="4" failures="0" timestamp="2021-05-12T15:35:44 CDT" time="57.566" errors="0">
  <testcase name="searchDataDrivenTest" time="8.599" classname="com.qa.linkedin.test.SearchDataDrivenTest"/>
  <testcase name="searchDataDrivenTest" time="7.494" classname="com.qa.linkedin.test.SearchDataDrivenTest"/>
  <testcase name="searchDataDrivenTest" time="6.88" classname="com.qa.linkedin.test.SearchDataDrivenTest"/>
  <testcase name="searchDataDrivenTest" time="7.391" classname="com.qa.linkedin.test.SearchDataDrivenTest"/>
</testsuite> <!-- Default test -->
