<?xml version="1.0" encoding="UTF-8"?>
<!-- Generated by org.testng.reporters.JUnitXMLReporter -->
<testsuite hostname="DESKTOP-G4JM6EP" ignored="0" name="LinkedinTest" tests="4" failures="0" timestamp="2021-05-11T12:39:51 CDT" time="52.391" errors="0">
  <testcase name="searchDataDrivenTest" time="6.862" classname="com.qa.linkedin.test.SearchDataDrivenTest"/>
  <testcase name="searchDataDrivenTest" time="6.965" classname="com.qa.linkedin.test.SearchDataDrivenTest"/>
  <testcase name="searchDataDrivenTest" time="6.685" classname="com.qa.linkedin.test.SearchDataDrivenTest"/>
  <testcase name="searchDataDrivenTest" time="6.725" classname="com.qa.linkedin.test.SearchDataDrivenTest"/>
</testsuite> <!-- LinkedinTest -->
