<?xml version="1.0" encoding="UTF-8"?>
<!-- Generated by org.testng.reporters.JUnitXMLReporter -->
<testsuite hostname="DESKTOP-G4JM6EP" ignored="0" name="TestNGTest" tests="4" failures="0" timestamp="2021-05-10T20:20:22 CDT" time="69.647" errors="0">
  <testcase name="searchDataDrivenTest" time="10.366" classname="com.qa.linkedin.test.SearchDataDrivenTest"/>
  <testcase name="searchDataDrivenTest" time="9.01" classname="com.qa.linkedin.test.SearchDataDrivenTest"/>
  <testcase name="searchDataDrivenTest" time="9.138" classname="com.qa.linkedin.test.SearchDataDrivenTest"/>
  <testcase name="searchDataDrivenTest" time="8.553" classname="com.qa.linkedin.test.SearchDataDrivenTest"/>
</testsuite> <!-- TestNGTest -->
