<?xml version="1.0" encoding="UTF-8"?>
<testsuite xmlns:xsi="http://www.w3.org/2001/XMLSchema-instance" xsi:schemaLocation="https://maven.apache.org/surefire/maven-surefire-plugin/xsd/surefire-test-report.xsd" name="TestSuite" time="6.426" tests="8" errors="0" skipped="7" failures="1">
  <properties>
[...]
</properties>
  <testcase name="setUp" classname="com.qa.linkedin.test.SearchDataDrivenTest" time="4.924">
    <failure message="unknown error: net::ERR_CONNECTION_RESET&#10;  (Session info: MicrosoftEdge=90.0.818.56)&#10;Build info: version: &apos;3.141.59&apos;, revision: &apos;e82be7d358&apos;, time: &apos;2018-11-14T08:17:03&apos;&#10;System info: host: &apos;DESKTOP-G4JM6EP&apos;, ip: &apos;192.168.1.234&apos;, os.name: &apos;Windows 10&apos;, os.arch: &apos;amd64&apos;, os.version: &apos;10.0&apos;, java.version: &apos;1.8.0_281&apos;&#10;Driver info: org.openqa.selenium.edge.EdgeDriver&#10;Capabilities {acceptInsecureCerts: false, browserName: msedge, browserVersion: 90.0.818.56, javascriptEnabled: true, ms:edgeOptions: {debuggerAddress: localhost:62614}, msedge: {msedgedriverVersion: 90.0.818.56 (96b87284fc445b..., userDataDir: C:\Users\laksh\AppData\Loca...}, networkConnectionEnabled: false, pageLoadStrategy: normal, platform: WINDOWS, platformName: WINDOWS, proxy: Proxy(), setWindowRect: true, strictFileInteractability: false, timeouts: {implicit: 0, pageLoad: 300000, script: 30000}, unhandledPromptBehavior: dismiss and notify, webauthn:extension:largeBlob: true, webauthn:virtualAuthenticators: true}&#10;Session ID: 13681f4e9e5bd288e944d215e542d8d4" type="org.openqa.selenium.WebDriverException">org.openqa.selenium.WebDriverException: 
unknown error: net::ERR_CONNECTION_RESET
  (Session info: MicrosoftEdge=90.0.818.56)
Build info: version: '3.141.59', revision: 'e82be7d358', time: '2018-11-14T08:17:03'
System info: host: 'DESKTOP-G4JM6EP', ip: '192.168.1.234', os.name: 'Windows 10', os.arch: 'amd64', os.version: '10.0', java.version: '1.8.0_281'
Driver info: org.openqa.selenium.edge.EdgeDriver
Capabilities {acceptInsecureCerts: false, browserName: msedge, browserVersion: 90.0.818.56, javascriptEnabled: true, ms:edgeOptions: {debuggerAddress: localhost:62614}, msedge: {msedgedriverVersion: 90.0.818.56 (96b87284fc445b..., userDataDir: C:\Users\laksh\AppData\Loca...}, networkConnectionEnabled: false, pageLoadStrategy: normal, platform: WINDOWS, platformName: WINDOWS, proxy: Proxy(), setWindowRect: true, strictFileInteractability: false, timeouts: {implicit: 0, pageLoad: 300000, script: 30000}, unhandledPromptBehavior: dismiss and notify, webauthn:extension:largeBlob: true, webauthn:virtualAuthenticators: true}
Session ID: 13681f4e9e5bd288e944d215e542d8d4
</failure>
    <system-out><![CDATA[2021-05-12 15:33:03 DEBUG TestBase:48 - Started Executing the browser lanuching setup()
2021-05-12 15:33:03 DEBUG TestBase:49 - fetch the browser value from properties file
2021-05-12 15:33:03 DEBUG TestBase:28 - creae a object for properties
2021-05-12 15:33:03 DEBUG TestBase:30 - read the properties file
2021-05-12 15:33:03 INFO  TestBase:34 - load all the properties
2021-05-12 15:33:03 DEBUG TestBase:54 - setting executing my chrome browser file
2021-05-12 15:33:07 DEBUG TestBase:72 - maximize the window
2021-05-12 15:33:07 DEBUG TestBase:74 - add implicit wait
2021-05-12 15:33:07 DEBUG TestBase:76 - create an object for WebDriverWait explicit wait command
2021-05-12 15:33:07 DEBUG TestBase:78 - open the application url
2021-05-12 15:33:07 DEBUG TestBase:28 - creae a object for properties
2021-05-12 15:33:07 DEBUG TestBase:30 - read the properties file
2021-05-12 15:33:07 INFO  TestBase:34 - load all the properties
]]></system-out>
    <system-err><![CDATA[SLF4J: Failed to load class "org.slf4j.impl.StaticLoggerBinder".
SLF4J: Defaulting to no-operation (NOP) logger implementation
SLF4J: See http://www.slf4j.org/codes.html#StaticLoggerBinder for further details.
Starting ChromeDriver 90.0.4430.24 (4c6d850f087da467d926e8eddb76550aed655991-refs/branch-heads/4430@{#429}) on port 5372
Only local connections are allowed.
Please see https://chromedriver.chromium.org/security-considerations for suggestions on keeping ChromeDriver safe.
ChromeDriver was started successfully.
May 12, 2021 3:33:06 PM org.openqa.selenium.remote.ProtocolHandshake createSession
INFO: Detected dialect: W3C
Starting MSEdgeDriver 90.0.818.56 (96b87284fc445b5ae26347f566d0a2b72773ed42) on port 32177
Only local connections are allowed.
Please see https://chromedriver.chromium.org/security-considerations for suggestions on keeping MSEdgeDriver safe.
MSEdgeDriver was started successfully.
May 12, 2021 3:33:07 PM org.openqa.selenium.remote.ProtocolHandshake createSession
INFO: Detected dialect: W3C
]]></system-err>
  </testcase>
  <testcase name="beforeClass" classname="com.qa.linkedin.test.SearchDataDrivenTest" time="0">
    <skipped/>
  </testcase>
  <testcase name="searchDataDrivenTest" classname="com.qa.linkedin.test.SearchDataDrivenTest" time="0">
    <skipped message="unknown error: net::ERR_CONNECTION_RESET&#10;  (Session info: MicrosoftEdge=90.0.818.56)&#10;Build info: version: &apos;3.141.59&apos;, revision: &apos;e82be7d358&apos;, time: &apos;2018-11-14T08:17:03&apos;&#10;System info: host: &apos;DESKTOP-G4JM6EP&apos;, ip: &apos;192.168.1.234&apos;, os.name: &apos;Windows 10&apos;, os.arch: &apos;amd64&apos;, os.version: &apos;10.0&apos;, java.version: &apos;1.8.0_281&apos;&#10;Driver info: org.openqa.selenium.edge.EdgeDriver&#10;Capabilities {acceptInsecureCerts: false, browserName: msedge, browserVersion: 90.0.818.56, javascriptEnabled: true, ms:edgeOptions: {debuggerAddress: localhost:62614}, msedge: {msedgedriverVersion: 90.0.818.56 (96b87284fc445b..., userDataDir: C:\Users\laksh\AppData\Loca...}, networkConnectionEnabled: false, pageLoadStrategy: normal, platform: WINDOWS, platformName: WINDOWS, proxy: Proxy(), setWindowRect: true, strictFileInteractability: false, timeouts: {implicit: 0, pageLoad: 300000, script: 30000}, unhandledPromptBehavior: dismiss and notify, webauthn:extension:largeBlob: true, webauthn:virtualAuthenticators: true}&#10;Session ID: 13681f4e9e5bd288e944d215e542d8d4"/>
    <system-out><![CDATA[2021-05-12 15:33:08 DEBUG ExcelUtils:29 - Specify the path of file :C:\eclipseworkspace\SaiHybridFrameworkMay62021\src\test\java\com\qa\linkedin\data\searchdata.xlsx
2021-05-12 15:33:08 DEBUG ExcelUtils:32 - read the file
2021-05-12 15:33:08 DEBUG ExcelUtils:34 - Load workbook
2021-05-12 15:33:09 DEBUG ExcelUtils:39 - fetch the row count
2021-05-12 15:33:09 DEBUG ExcelUtils:41 - number of rows in the excel sheet is-->4
2021-05-12 15:33:09 DEBUG ExcelUtils:43 - number of columns in the excel sheet is -->1
searchDataDrivenTest skipped!
]]></system-out>
  </testcase>
  <testcase name="searchDataDrivenTest" classname="com.qa.linkedin.test.SearchDataDrivenTest" time="0">
    <skipped message="unknown error: net::ERR_CONNECTION_RESET&#10;  (Session info: MicrosoftEdge=90.0.818.56)&#10;Build info: version: &apos;3.141.59&apos;, revision: &apos;e82be7d358&apos;, time: &apos;2018-11-14T08:17:03&apos;&#10;System info: host: &apos;DESKTOP-G4JM6EP&apos;, ip: &apos;192.168.1.234&apos;, os.name: &apos;Windows 10&apos;, os.arch: &apos;amd64&apos;, os.version: &apos;10.0&apos;, java.version: &apos;1.8.0_281&apos;&#10;Driver info: org.openqa.selenium.edge.EdgeDriver&#10;Capabilities {acceptInsecureCerts: false, browserName: msedge, browserVersion: 90.0.818.56, javascriptEnabled: true, ms:edgeOptions: {debuggerAddress: localhost:62614}, msedge: {msedgedriverVersion: 90.0.818.56 (96b87284fc445b..., userDataDir: C:\Users\laksh\AppData\Loca...}, networkConnectionEnabled: false, pageLoadStrategy: normal, platform: WINDOWS, platformName: WINDOWS, proxy: Proxy(), setWindowRect: true, strictFileInteractability: false, timeouts: {implicit: 0, pageLoad: 300000, script: 30000}, unhandledPromptBehavior: dismiss and notify, webauthn:extension:largeBlob: true, webauthn:virtualAuthenticators: true}&#10;Session ID: 13681f4e9e5bd288e944d215e542d8d4"/>
    <system-out><![CDATA[searchDataDrivenTest skipped!
]]></system-out>
  </testcase>
  <testcase name="searchDataDrivenTest" classname="com.qa.linkedin.test.SearchDataDrivenTest" time="0">
    <skipped message="unknown error: net::ERR_CONNECTION_RESET&#10;  (Session info: MicrosoftEdge=90.0.818.56)&#10;Build info: version: &apos;3.141.59&apos;, revision: &apos;e82be7d358&apos;, time: &apos;2018-11-14T08:17:03&apos;&#10;System info: host: &apos;DESKTOP-G4JM6EP&apos;, ip: &apos;192.168.1.234&apos;, os.name: &apos;Windows 10&apos;, os.arch: &apos;amd64&apos;, os.version: &apos;10.0&apos;, java.version: &apos;1.8.0_281&apos;&#10;Driver info: org.openqa.selenium.edge.EdgeDriver&#10;Capabilities {acceptInsecureCerts: false, browserName: msedge, browserVersion: 90.0.818.56, javascriptEnabled: true, ms:edgeOptions: {debuggerAddress: localhost:62614}, msedge: {msedgedriverVersion: 90.0.818.56 (96b87284fc445b..., userDataDir: C:\Users\laksh\AppData\Loca...}, networkConnectionEnabled: false, pageLoadStrategy: normal, platform: WINDOWS, platformName: WINDOWS, proxy: Proxy(), setWindowRect: true, strictFileInteractability: false, timeouts: {implicit: 0, pageLoad: 300000, script: 30000}, unhandledPromptBehavior: dismiss and notify, webauthn:extension:largeBlob: true, webauthn:virtualAuthenticators: true}&#10;Session ID: 13681f4e9e5bd288e944d215e542d8d4"/>
    <system-out><![CDATA[searchDataDrivenTest skipped!
]]></system-out>
  </testcase>
  <testcase name="searchDataDrivenTest" classname="com.qa.linkedin.test.SearchDataDrivenTest" time="0">
    <skipped message="unknown error: net::ERR_CONNECTION_RESET&#10;  (Session info: MicrosoftEdge=90.0.818.56)&#10;Build info: version: &apos;3.141.59&apos;, revision: &apos;e82be7d358&apos;, time: &apos;2018-11-14T08:17:03&apos;&#10;System info: host: &apos;DESKTOP-G4JM6EP&apos;, ip: &apos;192.168.1.234&apos;, os.name: &apos;Windows 10&apos;, os.arch: &apos;amd64&apos;, os.version: &apos;10.0&apos;, java.version: &apos;1.8.0_281&apos;&#10;Driver info: org.openqa.selenium.edge.EdgeDriver&#10;Capabilities {acceptInsecureCerts: false, browserName: msedge, browserVersion: 90.0.818.56, javascriptEnabled: true, ms:edgeOptions: {debuggerAddress: localhost:62614}, msedge: {msedgedriverVersion: 90.0.818.56 (96b87284fc445b..., userDataDir: C:\Users\laksh\AppData\Loca...}, networkConnectionEnabled: false, pageLoadStrategy: normal, platform: WINDOWS, platformName: WINDOWS, proxy: Proxy(), setWindowRect: true, strictFileInteractability: false, timeouts: {implicit: 0, pageLoad: 300000, script: 30000}, unhandledPromptBehavior: dismiss and notify, webauthn:extension:largeBlob: true, webauthn:virtualAuthenticators: true}&#10;Session ID: 13681f4e9e5bd288e944d215e542d8d4"/>
    <system-out><![CDATA[searchDataDrivenTest skipped!
]]></system-out>
  </testcase>
  <testcase name="afterClass" classname="com.qa.linkedin.test.SearchDataDrivenTest" time="0">
    <skipped/>
  </testcase>
  <testcase name="tearDown" classname="com.qa.linkedin.test.SearchDataDrivenTest" time="0">
    <skipped/>
    <system-out><![CDATA[2021-05-12 15:33:09 DEBUG cache:45 - Couldn't find template in cache for "v3html/v3-html-index.ftl"("en", UTF-8, parsed); will try to load it.
2021-05-12 15:33:09 DEBUG cache:45 - TemplateLoader.findTemplateSource("v3html/v3-html-index_en.ftl"): Not found
2021-05-12 15:33:09 DEBUG cache:45 - TemplateLoader.findTemplateSource("v3html/v3-html-index.ftl"): Found
2021-05-12 15:33:09 DEBUG cache:45 - Loading template for "v3html/v3-html-index.ftl"("en", UTF-8, parsed) from "jar:file:/C:/Users/laksh/.m2/repository/com/aventstack/extentreports/4.0.9/extentreports-4.0.9.jar!/com/aventstack/extentreports/view/v3html/v3-html-index.ftl"
2021-05-12 15:33:09 DEBUG cache:45 - Couldn't find template in cache for "v3html/v3-html-head.ftl"("en", UTF-8, parsed); will try to load it.
2021-05-12 15:33:09 DEBUG cache:45 - TemplateLoader.findTemplateSource("v3html/v3-html-head_en.ftl"): Not found
2021-05-12 15:33:09 DEBUG cache:45 - TemplateLoader.findTemplateSource("v3html/v3-html-head.ftl"): Found
2021-05-12 15:33:09 DEBUG cache:45 - Loading template for "v3html/v3-html-head.ftl"("en", UTF-8, parsed) from "jar:file:/C:/Users/laksh/.m2/repository/com/aventstack/extentreports/4.0.9/extentreports-4.0.9.jar!/com/aventstack/extentreports/view/v3html/v3-html-head.ftl"
2021-05-12 15:33:09 DEBUG cache:45 - Couldn't find template in cache for "v3html/v3-html-nav.ftl"("en", UTF-8, parsed); will try to load it.
2021-05-12 15:33:09 DEBUG cache:45 - TemplateLoader.findTemplateSource("v3html/v3-html-nav_en.ftl"): Not found
2021-05-12 15:33:09 DEBUG cache:45 - TemplateLoader.findTemplateSource("v3html/v3-html-nav.ftl"): Found
2021-05-12 15:33:09 DEBUG cache:45 - Loading template for "v3html/v3-html-nav.ftl"("en", UTF-8, parsed) from "jar:file:/C:/Users/laksh/.m2/repository/com/aventstack/extentreports/4.0.9/extentreports-4.0.9.jar!/com/aventstack/extentreports/view/v3html/v3-html-nav.ftl"
2021-05-12 15:33:09 DEBUG cache:45 - Couldn't find template in cache for "v3html/test-view/v3-html-test-view.ftl"("en", UTF-8, parsed); will try to load it.
2021-05-12 15:33:09 DEBUG cache:45 - TemplateLoader.findTemplateSource("v3html/test-view/v3-html-test-view_en.ftl"): Not found
2021-05-12 15:33:09 DEBUG cache:45 - TemplateLoader.findTemplateSource("v3html/test-view/v3-html-test-view.ftl"): Found
2021-05-12 15:33:09 DEBUG cache:45 - Loading template for "v3html/test-view/v3-html-test-view.ftl"("en", UTF-8, parsed) from "jar:file:/C:/Users/laksh/.m2/repository/com/aventstack/extentreports/4.0.9/extentreports-4.0.9.jar!/com/aventstack/extentreports/view/v3html/test-view/v3-html-test-view.ftl"
2021-05-12 15:33:09 DEBUG cache:45 - Couldn't find template in cache for "v3html/test-view/v3-html-test-view-charts.ftl"("en", UTF-8, parsed); will try to load it.
2021-05-12 15:33:09 DEBUG cache:45 - TemplateLoader.findTemplateSource("v3html/test-view/v3-html-test-view-charts_en.ftl"): Not found
2021-05-12 15:33:09 DEBUG cache:45 - TemplateLoader.findTemplateSource("v3html/test-view/v3-html-test-view-charts.ftl"): Found
2021-05-12 15:33:09 DEBUG cache:45 - Loading template for "v3html/test-view/v3-html-test-view-charts.ftl"("en", UTF-8, parsed) from "jar:file:/C:/Users/laksh/.m2/repository/com/aventstack/extentreports/4.0.9/extentreports-4.0.9.jar!/com/aventstack/extentreports/view/v3html/test-view/v3-html-test-view-charts.ftl"
2021-05-12 15:33:09 DEBUG cache:45 - Couldn't find template in cache for "v3html/test-view/v3-html-standard.ftl"("en", UTF-8, parsed); will try to load it.
2021-05-12 15:33:09 DEBUG cache:45 - TemplateLoader.findTemplateSource("v3html/test-view/v3-html-standard_en.ftl"): Not found
2021-05-12 15:33:09 DEBUG cache:45 - TemplateLoader.findTemplateSource("v3html/test-view/v3-html-standard.ftl"): Found
2021-05-12 15:33:09 DEBUG cache:45 - Loading template for "v3html/test-view/v3-html-standard.ftl"("en", UTF-8, parsed) from "jar:file:/C:/Users/laksh/.m2/repository/com/aventstack/extentreports/4.0.9/extentreports-4.0.9.jar!/com/aventstack/extentreports/view/v3html/test-view/v3-html-standard.ftl"
2021-05-12 15:33:09 DEBUG cache:45 - "v3html/test-view/v3-html-standard.ftl"("en", UTF-8, parsed) cached copy not yet stale; using cached.
2021-05-12 15:33:09 DEBUG cache:45 - "v3html/test-view/v3-html-standard.ftl"("en", UTF-8, parsed) cached copy not yet stale; using cached.
2021-05-12 15:33:09 DEBUG cache:45 - "v3html/test-view/v3-html-standard.ftl"("en", UTF-8, parsed) cached copy not yet stale; using cached.
2021-05-12 15:33:09 DEBUG cache:45 - Couldn't find template in cache for "v3html/category-view/v3-html-category-view.ftl"("en", UTF-8, parsed); will try to load it.
2021-05-12 15:33:09 DEBUG cache:45 - TemplateLoader.findTemplateSource("v3html/category-view/v3-html-category-view_en.ftl"): Not found
2021-05-12 15:33:09 DEBUG cache:45 - TemplateLoader.findTemplateSource("v3html/category-view/v3-html-category-view.ftl"): Found
2021-05-12 15:33:09 DEBUG cache:45 - Loading template for "v3html/category-view/v3-html-category-view.ftl"("en", UTF-8, parsed) from "jar:file:/C:/Users/laksh/.m2/repository/com/aventstack/extentreports/4.0.9/extentreports-4.0.9.jar!/com/aventstack/extentreports/view/v3html/category-view/v3-html-category-view.ftl"
2021-05-12 15:33:09 DEBUG cache:45 - Couldn't find template in cache for "v3html/exception-view/v3-html-exception-view.ftl"("en", UTF-8, parsed); will try to load it.
2021-05-12 15:33:09 DEBUG cache:45 - TemplateLoader.findTemplateSource("v3html/exception-view/v3-html-exception-view_en.ftl"): Not found
2021-05-12 15:33:09 DEBUG cache:45 - TemplateLoader.findTemplateSource("v3html/exception-view/v3-html-exception-view.ftl"): Found
2021-05-12 15:33:09 DEBUG cache:45 - Loading template for "v3html/exception-view/v3-html-exception-view.ftl"("en", UTF-8, parsed) from "jar:file:/C:/Users/laksh/.m2/repository/com/aventstack/extentreports/4.0.9/extentreports-4.0.9.jar!/com/aventstack/extentreports/view/v3html/exception-view/v3-html-exception-view.ftl"
2021-05-12 15:33:09 DEBUG cache:45 - Couldn't find template in cache for "v3html/author-view/v3-html-author-view.ftl"("en", UTF-8, parsed); will try to load it.
2021-05-12 15:33:09 DEBUG cache:45 - TemplateLoader.findTemplateSource("v3html/author-view/v3-html-author-view_en.ftl"): Not found
2021-05-12 15:33:09 DEBUG cache:45 - TemplateLoader.findTemplateSource("v3html/author-view/v3-html-author-view.ftl"): Found
2021-05-12 15:33:09 DEBUG cache:45 - Loading template for "v3html/author-view/v3-html-author-view.ftl"("en", UTF-8, parsed) from "jar:file:/C:/Users/laksh/.m2/repository/com/aventstack/extentreports/4.0.9/extentreports-4.0.9.jar!/com/aventstack/extentreports/view/v3html/author-view/v3-html-author-view.ftl"
2021-05-12 15:33:09 DEBUG cache:45 - Couldn't find template in cache for "v3html/dashboard-view/v3-html-dashboard-view.ftl"("en", UTF-8, parsed); will try to load it.
2021-05-12 15:33:09 DEBUG cache:45 - TemplateLoader.findTemplateSource("v3html/dashboard-view/v3-html-dashboard-view_en.ftl"): Not found
2021-05-12 15:33:09 DEBUG cache:45 - TemplateLoader.findTemplateSource("v3html/dashboard-view/v3-html-dashboard-view.ftl"): Found
2021-05-12 15:33:09 DEBUG cache:45 - Loading template for "v3html/dashboard-view/v3-html-dashboard-view.ftl"("en", UTF-8, parsed) from "jar:file:/C:/Users/laksh/.m2/repository/com/aventstack/extentreports/4.0.9/extentreports-4.0.9.jar!/com/aventstack/extentreports/view/v3html/dashboard-view/v3-html-dashboard-view.ftl"
2021-05-12 15:33:09 DEBUG cache:45 - Couldn't find template in cache for "v3html/logs-view/v3-html-testrunner-logs-view.ftl"("en", UTF-8, parsed); will try to load it.
2021-05-12 15:33:09 DEBUG cache:45 - TemplateLoader.findTemplateSource("v3html/logs-view/v3-html-testrunner-logs-view_en.ftl"): Not found
2021-05-12 15:33:09 DEBUG cache:45 - TemplateLoader.findTemplateSource("v3html/logs-view/v3-html-testrunner-logs-view.ftl"): Found
2021-05-12 15:33:09 DEBUG cache:45 - Loading template for "v3html/logs-view/v3-html-testrunner-logs-view.ftl"("en", UTF-8, parsed) from "jar:file:/C:/Users/laksh/.m2/repository/com/aventstack/extentreports/4.0.9/extentreports-4.0.9.jar!/com/aventstack/extentreports/view/v3html/logs-view/v3-html-testrunner-logs-view.ftl"
]]></system-out>
  </testcase>
</testsuite>